[2.527s] Invoking command in '/home/athens/ros2_athens_ws/src/stm_station': PYTHONPATH=/home/athens/ros2_athens_ws/build/stm_station/prefix_override:/usr/lib/python3/dist-packages/colcon_core/task/python/colcon_distutils_commands:/home/athens/ros2_athens_ws/install/stm_station/lib/python3.8/site-packages:/home/athens/ros2_athens_ws/install/stm_interfaces/lib/python3.8/site-packages:/home/athens/ros2_athens_ws/install/stm_station/lib/python3.8/site-packages:/home/athens/ros2_athens_ws/install/first_package/lib/python3.8/site-packages:/home/athens/ros2_athens_ws/install/first_interfaces/lib/python3.8/site-packages:/opt/ros/foxy/lib/python3.8/site-packages /usr/bin/python3 -W ignore:setup.py install is deprecated setup.py egg_info --egg-base ../../build/stm_station build --build-base /home/athens/ros2_athens_ws/build/stm_station/build install --record /home/athens/ros2_athens_ws/build/stm_station/install.log --install-scripts $base/lib/stm_station --single-version-externally-managed install_data
[2.960s] running egg_info
[2.966s] writing ../../build/stm_station/stm_station.egg-info/PKG-INFO
[2.967s] writing dependency_links to ../../build/stm_station/stm_station.egg-info/dependency_links.txt
[2.969s] writing entry points to ../../build/stm_station/stm_station.egg-info/entry_points.txt
[2.970s] writing requirements to ../../build/stm_station/stm_station.egg-info/requires.txt
[2.973s] writing top-level names to ../../build/stm_station/stm_station.egg-info/top_level.txt
[3.054s] reading manifest file '../../build/stm_station/stm_station.egg-info/SOURCES.txt'
[3.057s] writing manifest file '../../build/stm_station/stm_station.egg-info/SOURCES.txt'
[3.059s] running build
[3.060s] running build_py
[3.061s] copying stm_station/stm_control_node.py -> /home/athens/ros2_athens_ws/build/stm_station/build/lib/stm_station
[3.065s] copying stm_station/stm_control_node_master_slave_poscontrol.py -> /home/athens/ros2_athens_ws/build/stm_station/build/lib/stm_station
[3.067s] running install
[3.070s] running install_lib
[3.075s] copying /home/athens/ros2_athens_ws/build/stm_station/build/lib/stm_station/stm_control_node.py -> /home/athens/ros2_athens_ws/install/stm_station/lib/python3.8/site-packages/stm_station
[3.077s] copying /home/athens/ros2_athens_ws/build/stm_station/build/lib/stm_station/stm_control_node_master_slave_poscontrol.py -> /home/athens/ros2_athens_ws/install/stm_station/lib/python3.8/site-packages/stm_station
[3.090s] byte-compiling /home/athens/ros2_athens_ws/install/stm_station/lib/python3.8/site-packages/stm_station/stm_control_node.py to stm_control_node.cpython-38.pyc
[3.096s] byte-compiling /home/athens/ros2_athens_ws/install/stm_station/lib/python3.8/site-packages/stm_station/stm_control_node_master_slave_poscontrol.py to stm_control_node_master_slave_poscontrol.cpython-38.pyc
[3.100s] running install_data
[3.102s] copying package.xml -> /home/athens/ros2_athens_ws/install/stm_station/share/stm_station
[3.102s] running install_egg_info
[3.109s] removing '/home/athens/ros2_athens_ws/install/stm_station/lib/python3.8/site-packages/stm_station-0.0.0-py3.8.egg-info' (and everything under it)
[3.124s] Copying ../../build/stm_station/stm_station.egg-info to /home/athens/ros2_athens_ws/install/stm_station/lib/python3.8/site-packages/stm_station-0.0.0-py3.8.egg-info
[3.124s] running install_scripts
[3.155s] Installing stm_control_node script to /home/athens/ros2_athens_ws/install/stm_station/lib/stm_station
[3.157s] Installing stm_control_node_master_slave_poscontrol script to /home/athens/ros2_athens_ws/install/stm_station/lib/stm_station
[3.159s] Installing stm_serial_node_pub script to /home/athens/ros2_athens_ws/install/stm_station/lib/stm_station
[3.160s] Installing stm_serial_node_pub_sub script to /home/athens/ros2_athens_ws/install/stm_station/lib/stm_station
[3.163s] writing list of installed files to '/home/athens/ros2_athens_ws/build/stm_station/install.log'
[3.206s] Invoked command in '/home/athens/ros2_athens_ws/src/stm_station' returned '0': PYTHONPATH=/home/athens/ros2_athens_ws/build/stm_station/prefix_override:/usr/lib/python3/dist-packages/colcon_core/task/python/colcon_distutils_commands:/home/athens/ros2_athens_ws/install/stm_station/lib/python3.8/site-packages:/home/athens/ros2_athens_ws/install/stm_interfaces/lib/python3.8/site-packages:/home/athens/ros2_athens_ws/install/stm_station/lib/python3.8/site-packages:/home/athens/ros2_athens_ws/install/first_package/lib/python3.8/site-packages:/home/athens/ros2_athens_ws/install/first_interfaces/lib/python3.8/site-packages:/opt/ros/foxy/lib/python3.8/site-packages /usr/bin/python3 -W ignore:setup.py install is deprecated setup.py egg_info --egg-base ../../build/stm_station build --build-base /home/athens/ros2_athens_ws/build/stm_station/build install --record /home/athens/ros2_athens_ws/build/stm_station/install.log --install-scripts $base/lib/stm_station --single-version-externally-managed install_data
